2025-06-24 15:50:34,652 - semgrep.run_scan - DEBUG - semgrep version 1.4.0
2025-06-24 15:50:34,661 - semgrep.git - DEBUG - Failed to get project url from 'git ls-remote': Command failed with exit code: 128
-----
Command failed with output:
fatal: No remote configured to list refs from.


Failed to run 'git ls-remote --get-url'. Possible reasons:

- the git binary is not available
- the current working directory is not a git repository
- the baseline commit is not a parent of the current commit
    (if you are running through semgrep-app, check if you are setting `SEMGREP_BRANCH` or `SEMGREP_BASELINE_COMMIT` properly)
- the current working directory is not marked as safe
    (fix with `git config --global --add safe.directory $(pwd)`)

Try running the command yourself to debug the issue.
2025-06-24 15:50:34,662 - semgrep.config_resolver - DEBUG - Loading local config from /home/runner/workspace/.config/.semgrep/semgrep_rules.json
2025-06-24 15:50:34,664 - semgrep.config_resolver - DEBUG - Done loading local config from /home/runner/workspace/.config/.semgrep/semgrep_rules.json
2025-06-24 15:50:34,669 - semgrep.config_resolver - DEBUG - Saving rules to /tmp/semgrep-z29p2csw.rules
2025-06-24 15:50:35,586 - semgrep.rule_lang - DEBUG - semgrep-core validation response: valid=True
2025-06-24 15:50:35,587 - semgrep.rule_lang - DEBUG - semgrep-core validation succeeded
2025-06-24 15:50:35,587 - semgrep.rule_lang - DEBUG - RPC validation succeeded
2025-06-24 15:50:35,588 - semgrep.config_resolver - DEBUG - loaded 1 configs in 0.9257397651672363
2025-06-24 15:50:35,682 - semgrep.run_scan - VERBOSE - running 714 rules from 1 config /home/runner/workspace/.config/.semgrep/semgrep_rules.json_0
2025-06-24 15:50:35,683 - semgrep.run_scan - VERBOSE - No .semgrepignore found. Using default .semgrepignore rules. See the docs for the list of default ignores: https://semgrep.dev/docs/cli-usage/#ignore-files
2025-06-24 15:50:35,686 - semgrep.run_scan - VERBOSE - Rules:
2025-06-24 15:50:35,686 - semgrep.run_scan - VERBOSE - <SKIPPED DATA (too many entries; use --max-log-list-entries)>
2025-06-24 15:50:36,623 - semgrep.core_runner - DEBUG - Passing whole rules directly to semgrep_core
2025-06-24 15:50:36,936 - semgrep.core_runner - DEBUG - Running Semgrep engine with command:
2025-06-24 15:50:36,936 - semgrep.core_runner - DEBUG - /tmp/_MEIfaxOqw/semgrep/bin/opengrep-core -json -rules /tmp/tmpp9fz_ucn.json -j 8 -targets /tmp/tmpqwh4hw2n -timeout 5 -timeout_threshold 3 -max_memory 0 -fast
